{"timestamp":"2025-11-20T19:04:39.806548Z","level":"info","event":"DAG bundles loaded: dags-folder, example_dags","logger":"airflow.dag_processing.bundles.manager.DagBundlesManager","filename":"manager.py","lineno":179}
{"timestamp":"2025-11-20T19:04:39.807053Z","level":"info","event":"Filling up the DagBag from /opt/airflow/dags/dag.py","logger":"airflow.models.dagbag.DagBag","filename":"dagbag.py","lineno":593}
{"timestamp":"2025-11-20T19:04:39.848511Z","level":"info","event":"Task instance is in running state","logger":"task.stdout"}
{"timestamp":"2025-11-20T19:04:39.848640Z","level":"info","event":" Previous state of the Task instance: TaskInstanceState.QUEUED","logger":"task.stdout"}
{"timestamp":"2025-11-20T19:04:39.848812Z","level":"info","event":"Current task name:fetch_all_data","logger":"task.stdout"}
{"timestamp":"2025-11-20T19:04:39.848889Z","level":"info","event":"Dag name:fetch_data","logger":"task.stdout"}
{"timestamp":"2025-11-20T19:04:40.217768Z","level":"info","event":"<class 'pandas.core.frame.DataFrame'>","logger":"task.stdout"}
{"timestamp":"2025-11-20T19:04:40.217954Z","level":"info","event":"RangeIndex: 10000 entries, 0 to 9999","logger":"task.stdout"}
{"timestamp":"2025-11-20T19:04:40.218080Z","level":"info","event":"Data columns (total 13 columns):","logger":"task.stdout"}
{"timestamp":"2025-11-20T19:04:40.218166Z","level":"info","event":" #   Column           Non-Null Count  Dtype","logger":"task.stdout"}
{"timestamp":"2025-11-20T19:04:40.218246Z","level":"info","event":"---  ------           --------------  -----","logger":"task.stdout"}
{"timestamp":"2025-11-20T19:04:40.218324Z","level":"info","event":" 0   CustomerId       10000 non-null  int64","logger":"task.stdout"}
{"timestamp":"2025-11-20T19:04:40.218400Z","level":"info","event":" 1   Surname          10000 non-null  object","logger":"task.stdout"}
{"timestamp":"2025-11-20T19:04:40.218478Z","level":"info","event":" 2   CreditScore      10000 non-null  int64","logger":"task.stdout"}
{"timestamp":"2025-11-20T19:04:40.218556Z","level":"info","event":" 3   Geography        10000 non-null  object","logger":"task.stdout"}
{"timestamp":"2025-11-20T19:04:40.218632Z","level":"info","event":" 4   Gender           10000 non-null  object","logger":"task.stdout"}
{"timestamp":"2025-11-20T19:04:40.218709Z","level":"info","event":" 5   Age              10000 non-null  int64","logger":"task.stdout"}
{"timestamp":"2025-11-20T19:04:40.218786Z","level":"info","event":" 6   Tenure           10000 non-null  int64","logger":"task.stdout"}
{"timestamp":"2025-11-20T19:04:40.218860Z","level":"info","event":" 7   Balance          10000 non-null  float64","logger":"task.stdout"}
{"timestamp":"2025-11-20T19:04:40.218935Z","level":"info","event":" 8   NumOfProducts    10000 non-null  int64","logger":"task.stdout"}
{"timestamp":"2025-11-20T19:04:40.219037Z","level":"info","event":" 9   HasCrCard        10000 non-null  int64","logger":"task.stdout"}
{"timestamp":"2025-11-20T19:04:40.219113Z","level":"info","event":" 10  IsActiveMember   10000 non-null  int64","logger":"task.stdout"}
{"timestamp":"2025-11-20T19:04:40.219186Z","level":"info","event":" 11  EstimatedSalary  10000 non-null  float64","logger":"task.stdout"}
{"timestamp":"2025-11-20T19:04:40.219259Z","level":"info","event":" 12  Exited           10000 non-null  int64","logger":"task.stdout"}
{"timestamp":"2025-11-20T19:04:40.219334Z","level":"info","event":"dtypes: float64(2), int64(8), object(3)","logger":"task.stdout"}
{"timestamp":"2025-11-20T19:04:40.219408Z","level":"info","event":"memory usage: 1015.8+ KB","logger":"task.stdout"}
{"timestamp":"2025-11-20T19:04:40.219484Z","level":"info","event":"Data uploaded:","logger":"task.stdout"}
{"timestamp":"2025-11-20T19:04:40.219559Z","level":"info","event":" None","logger":"task.stdout"}
{"timestamp":"2025-11-20T19:04:40.218741Z","level":"info","event":"Done. Returned value was: None","logger":"airflow.task.operators.airflow.providers.standard.operators.python.PythonOperator","filename":"python.py","lineno":215}
{"timestamp":"2025-11-20T19:04:40.235893Z","level":"info","event":"Task instance in success state","logger":"task.stdout"}
{"timestamp":"2025-11-20T19:04:40.236025Z","level":"info","event":" Previous state of the Task instance: TaskInstanceState.RUNNING","logger":"task.stdout"}
{"timestamp":"2025-11-20T19:04:40.236292Z","level":"info","event":"Task operator:<Task(PythonOperator): fetch_all_data>","logger":"task.stdout"}
