{"timestamp":"2025-11-20T19:26:01.767214Z","level":"info","event":"DAG bundles loaded: dags-folder, example_dags","logger":"airflow.dag_processing.bundles.manager.DagBundlesManager","filename":"manager.py","lineno":179}
{"timestamp":"2025-11-20T19:26:01.767685Z","level":"info","event":"Filling up the DagBag from /opt/airflow/dags/dag.py","logger":"airflow.models.dagbag.DagBag","filename":"dagbag.py","lineno":593}
{"timestamp":"2025-11-20T19:26:01.812371Z","level":"info","event":"Task instance is in running state","logger":"task.stdout"}
{"timestamp":"2025-11-20T19:26:01.812560Z","level":"info","event":" Previous state of the Task instance: TaskInstanceState.QUEUED","logger":"task.stdout"}
{"timestamp":"2025-11-20T19:26:01.812702Z","level":"info","event":"Current task name:fetch_all_data","logger":"task.stdout"}
{"timestamp":"2025-11-20T19:26:01.812824Z","level":"info","event":"Dag name:fetch_data","logger":"task.stdout"}
{"timestamp":"2025-11-20T19:26:02.416431Z","level":"info","event":"<class 'pandas.core.frame.DataFrame'>","logger":"task.stdout"}
{"timestamp":"2025-11-20T19:26:02.416660Z","level":"info","event":"RangeIndex: 10000 entries, 0 to 9999","logger":"task.stdout"}
{"timestamp":"2025-11-20T19:26:02.416797Z","level":"info","event":"Data columns (total 13 columns):","logger":"task.stdout"}
{"timestamp":"2025-11-20T19:26:02.416926Z","level":"info","event":" #   Column           Non-Null Count  Dtype","logger":"task.stdout"}
{"timestamp":"2025-11-20T19:26:02.417074Z","level":"info","event":"---  ------           --------------  -----","logger":"task.stdout"}
{"timestamp":"2025-11-20T19:26:02.417158Z","level":"info","event":" 0   CustomerId       10000 non-null  int64","logger":"task.stdout"}
{"timestamp":"2025-11-20T19:26:02.417237Z","level":"info","event":" 1   Surname          10000 non-null  object","logger":"task.stdout"}
{"timestamp":"2025-11-20T19:26:02.417313Z","level":"info","event":" 2   CreditScore      10000 non-null  int64","logger":"task.stdout"}
{"timestamp":"2025-11-20T19:26:02.417393Z","level":"info","event":" 3   Geography        10000 non-null  object","logger":"task.stdout"}
{"timestamp":"2025-11-20T19:26:02.417469Z","level":"info","event":" 4   Gender           10000 non-null  object","logger":"task.stdout"}
{"timestamp":"2025-11-20T19:26:02.417547Z","level":"info","event":" 5   Age              10000 non-null  int64","logger":"task.stdout"}
{"timestamp":"2025-11-20T19:26:02.417622Z","level":"info","event":" 6   Tenure           10000 non-null  int64","logger":"task.stdout"}
{"timestamp":"2025-11-20T19:26:02.417696Z","level":"info","event":" 7   Balance          10000 non-null  float64","logger":"task.stdout"}
{"timestamp":"2025-11-20T19:26:02.417770Z","level":"info","event":" 8   NumOfProducts    10000 non-null  int64","logger":"task.stdout"}
{"timestamp":"2025-11-20T19:26:02.417844Z","level":"info","event":" 9   HasCrCard        10000 non-null  int64","logger":"task.stdout"}
{"timestamp":"2025-11-20T19:26:02.417918Z","level":"info","event":" 10  IsActiveMember   10000 non-null  int64","logger":"task.stdout"}
{"timestamp":"2025-11-20T19:26:02.418005Z","level":"info","event":" 11  EstimatedSalary  10000 non-null  float64","logger":"task.stdout"}
{"timestamp":"2025-11-20T19:26:02.418079Z","level":"info","event":" 12  Exited           10000 non-null  int64","logger":"task.stdout"}
{"timestamp":"2025-11-20T19:26:02.418152Z","level":"info","event":"dtypes: float64(2), int64(8), object(3)","logger":"task.stdout"}
{"timestamp":"2025-11-20T19:26:02.418227Z","level":"info","event":"memory usage: 1015.8+ KB","logger":"task.stdout"}
{"timestamp":"2025-11-20T19:26:02.418301Z","level":"info","event":"Data uploaded!","logger":"task.stdout"}
{"timestamp":"2025-11-20T19:26:02.418377Z","level":"info","event":" None","logger":"task.stdout"}
{"timestamp":"2025-11-20T19:26:02.416442Z","level":"info","event":"Done. Returned value was: None","logger":"airflow.task.operators.airflow.providers.standard.operators.python.PythonOperator","filename":"python.py","lineno":215}
{"timestamp":"2025-11-20T19:26:02.439472Z","level":"info","event":"Task instance in success state","logger":"task.stdout"}
{"timestamp":"2025-11-20T19:26:02.439689Z","level":"info","event":" Previous state of the Task instance: TaskInstanceState.RUNNING","logger":"task.stdout"}
{"timestamp":"2025-11-20T19:26:02.439984Z","level":"info","event":"Task operator:<Task(PythonOperator): fetch_all_data>","logger":"task.stdout"}
