{"timestamp":"2025-11-20T19:11:59.950134Z","level":"info","event":"DAG bundles loaded: dags-folder, example_dags","logger":"airflow.dag_processing.bundles.manager.DagBundlesManager","filename":"manager.py","lineno":179}
{"timestamp":"2025-11-20T19:11:59.950580Z","level":"info","event":"Filling up the DagBag from /opt/airflow/dags/dag.py","logger":"airflow.models.dagbag.DagBag","filename":"dagbag.py","lineno":593}
{"timestamp":"2025-11-20T19:11:59.992094Z","level":"info","event":"Task instance is in running state","logger":"task.stdout"}
{"timestamp":"2025-11-20T19:11:59.992231Z","level":"info","event":" Previous state of the Task instance: TaskInstanceState.QUEUED","logger":"task.stdout"}
{"timestamp":"2025-11-20T19:11:59.992389Z","level":"info","event":"Current task name:fetch_all_data","logger":"task.stdout"}
{"timestamp":"2025-11-20T19:11:59.992466Z","level":"info","event":"Dag name:fetch_data","logger":"task.stdout"}
{"timestamp":"2025-11-20T19:12:00.683307Z","level":"info","event":"<class 'pandas.core.frame.DataFrame'>","logger":"task.stdout"}
{"timestamp":"2025-11-20T19:12:00.683510Z","level":"info","event":"RangeIndex: 10000 entries, 0 to 9999","logger":"task.stdout"}
{"timestamp":"2025-11-20T19:12:00.683604Z","level":"info","event":"Data columns (total 13 columns):","logger":"task.stdout"}
{"timestamp":"2025-11-20T19:12:00.683697Z","level":"info","event":" #   Column           Non-Null Count  Dtype","logger":"task.stdout"}
{"timestamp":"2025-11-20T19:12:00.683784Z","level":"info","event":"---  ------           --------------  -----","logger":"task.stdout"}
{"timestamp":"2025-11-20T19:12:00.683866Z","level":"info","event":" 0   CustomerId       10000 non-null  int64","logger":"task.stdout"}
{"timestamp":"2025-11-20T19:12:00.683951Z","level":"info","event":" 1   Surname          10000 non-null  object","logger":"task.stdout"}
{"timestamp":"2025-11-20T19:12:00.684062Z","level":"info","event":" 2   CreditScore      10000 non-null  int64","logger":"task.stdout"}
{"timestamp":"2025-11-20T19:12:00.684143Z","level":"info","event":" 3   Geography        10000 non-null  object","logger":"task.stdout"}
{"timestamp":"2025-11-20T19:12:00.684224Z","level":"info","event":" 4   Gender           10000 non-null  object","logger":"task.stdout"}
{"timestamp":"2025-11-20T19:12:00.684309Z","level":"info","event":" 5   Age              10000 non-null  int64","logger":"task.stdout"}
{"timestamp":"2025-11-20T19:12:00.684390Z","level":"info","event":" 6   Tenure           10000 non-null  int64","logger":"task.stdout"}
{"timestamp":"2025-11-20T19:12:00.684469Z","level":"info","event":" 7   Balance          10000 non-null  float64","logger":"task.stdout"}
{"timestamp":"2025-11-20T19:12:00.684550Z","level":"info","event":" 8   NumOfProducts    10000 non-null  int64","logger":"task.stdout"}
{"timestamp":"2025-11-20T19:12:00.684630Z","level":"info","event":" 9   HasCrCard        10000 non-null  int64","logger":"task.stdout"}
{"timestamp":"2025-11-20T19:12:00.684710Z","level":"info","event":" 10  IsActiveMember   10000 non-null  int64","logger":"task.stdout"}
{"timestamp":"2025-11-20T19:12:00.684789Z","level":"info","event":" 11  EstimatedSalary  10000 non-null  float64","logger":"task.stdout"}
{"timestamp":"2025-11-20T19:12:00.684870Z","level":"info","event":" 12  Exited           10000 non-null  int64","logger":"task.stdout"}
{"timestamp":"2025-11-20T19:12:00.684950Z","level":"info","event":"dtypes: float64(2), int64(8), object(3)","logger":"task.stdout"}
{"timestamp":"2025-11-20T19:12:00.685043Z","level":"info","event":"memory usage: 1015.8+ KB","logger":"task.stdout"}
{"timestamp":"2025-11-20T19:12:00.685125Z","level":"info","event":"Data uploaded!","logger":"task.stdout"}
{"timestamp":"2025-11-20T19:12:00.685212Z","level":"info","event":" None","logger":"task.stdout"}
{"timestamp":"2025-11-20T19:12:00.684015Z","level":"info","event":"Done. Returned value was: None","logger":"airflow.task.operators.airflow.providers.standard.operators.python.PythonOperator","filename":"python.py","lineno":215}
{"timestamp":"2025-11-20T19:12:00.698639Z","level":"info","event":"Task instance in success state","logger":"task.stdout"}
{"timestamp":"2025-11-20T19:12:00.698790Z","level":"info","event":" Previous state of the Task instance: TaskInstanceState.RUNNING","logger":"task.stdout"}
{"timestamp":"2025-11-20T19:12:00.698930Z","level":"info","event":"Task operator:<Task(PythonOperator): fetch_all_data>","logger":"task.stdout"}
